  main.cpp
C:\Users\Marko\Desktop\Fakultet\4. godina\Računarska grafika\P1\Marko-Nikolic-RA-69-2020\Project1\main.cpp(112,4): warning C4305: 'initializing': truncation from 'double' to 'float'
C:\Users\Marko\Desktop\Fakultet\4. godina\Računarska grafika\P1\Marko-Nikolic-RA-69-2020\Project1\main.cpp(113,3): warning C4305: 'initializing': truncation from 'double' to 'float'
C:\Users\Marko\Desktop\Fakultet\4. godina\Računarska grafika\P1\Marko-Nikolic-RA-69-2020\Project1\main.cpp(114,4): warning C4305: 'initializing': truncation from 'double' to 'float'
C:\Users\Marko\Desktop\Fakultet\4. godina\Računarska grafika\P1\Marko-Nikolic-RA-69-2020\Project1\main.cpp(115,3): warning C4305: 'initializing': truncation from 'double' to 'float'
C:\Users\Marko\Desktop\Fakultet\4. godina\Računarska grafika\P1\Marko-Nikolic-RA-69-2020\Project1\main.cpp(116,4): warning C4305: 'initializing': truncation from 'double' to 'float'
C:\Users\Marko\Desktop\Fakultet\4. godina\Računarska grafika\P1\Marko-Nikolic-RA-69-2020\Project1\main.cpp(117,4): warning C4305: 'initializing': truncation from 'double' to 'float'
C:\Users\Marko\Desktop\Fakultet\4. godina\Računarska grafika\P1\Marko-Nikolic-RA-69-2020\Project1\main.cpp(118,4): warning C4305: 'initializing': truncation from 'double' to 'float'
C:\Users\Marko\Desktop\Fakultet\4. godina\Računarska grafika\P1\Marko-Nikolic-RA-69-2020\Project1\main.cpp(118,11): warning C4305: 'initializing': truncation from 'double' to 'float'
C:\Users\Marko\Desktop\Fakultet\4. godina\Računarska grafika\P1\Marko-Nikolic-RA-69-2020\Project1\main.cpp(119,4): warning C4305: 'initializing': truncation from 'double' to 'float'
C:\Users\Marko\Desktop\Fakultet\4. godina\Računarska grafika\P1\Marko-Nikolic-RA-69-2020\Project1\main.cpp(119,11): warning C4305: 'initializing': truncation from 'double' to 'float'
C:\Users\Marko\Desktop\Fakultet\4. godina\Računarska grafika\P1\Marko-Nikolic-RA-69-2020\Project1\main.cpp(120,3): warning C4305: 'initializing': truncation from 'double' to 'float'
C:\Users\Marko\Desktop\Fakultet\4. godina\Računarska grafika\P1\Marko-Nikolic-RA-69-2020\Project1\main.cpp(121,3): warning C4305: 'initializing': truncation from 'double' to 'float'
C:\Users\Marko\Desktop\Fakultet\4. godina\Računarska grafika\P1\Marko-Nikolic-RA-69-2020\Project1\main.cpp(122,3): warning C4305: 'initializing': truncation from 'double' to 'float'
C:\Users\Marko\Desktop\Fakultet\4. godina\Računarska grafika\P1\Marko-Nikolic-RA-69-2020\Project1\main.cpp(122,10): warning C4305: 'initializing': truncation from 'double' to 'float'
C:\Users\Marko\Desktop\Fakultet\4. godina\Računarska grafika\P1\Marko-Nikolic-RA-69-2020\Project1\main.cpp(123,3): warning C4305: 'initializing': truncation from 'double' to 'float'
C:\Users\Marko\Desktop\Fakultet\4. godina\Računarska grafika\P1\Marko-Nikolic-RA-69-2020\Project1\main.cpp(123,10): warning C4305: 'initializing': truncation from 'double' to 'float'
C:\Users\Marko\Desktop\Fakultet\4. godina\Računarska grafika\P1\Marko-Nikolic-RA-69-2020\Project1\main.cpp(124,4): warning C4305: 'initializing': truncation from 'double' to 'float'
C:\Users\Marko\Desktop\Fakultet\4. godina\Računarska grafika\P1\Marko-Nikolic-RA-69-2020\Project1\main.cpp(125,3): warning C4305: 'initializing': truncation from 'double' to 'float'
C:\Users\Marko\Desktop\Fakultet\4. godina\Računarska grafika\P1\Marko-Nikolic-RA-69-2020\Project1\main.cpp(126,4): warning C4305: 'initializing': truncation from 'double' to 'float'
C:\Users\Marko\Desktop\Fakultet\4. godina\Računarska grafika\P1\Marko-Nikolic-RA-69-2020\Project1\main.cpp(126,11): warning C4305: 'initializing': truncation from 'double' to 'float'
C:\Users\Marko\Desktop\Fakultet\4. godina\Računarska grafika\P1\Marko-Nikolic-RA-69-2020\Project1\main.cpp(127,3): warning C4305: 'initializing': truncation from 'double' to 'float'
C:\Users\Marko\Desktop\Fakultet\4. godina\Računarska grafika\P1\Marko-Nikolic-RA-69-2020\Project1\main.cpp(127,10): warning C4305: 'initializing': truncation from 'double' to 'float'
C:\Users\Marko\Desktop\Fakultet\4. godina\Računarska grafika\P1\Marko-Nikolic-RA-69-2020\Project1\main.cpp(140,4): warning C4305: 'initializing': truncation from 'double' to 'float'
C:\Users\Marko\Desktop\Fakultet\4. godina\Računarska grafika\P1\Marko-Nikolic-RA-69-2020\Project1\main.cpp(141,3): warning C4305: 'initializing': truncation from 'double' to 'float'
C:\Users\Marko\Desktop\Fakultet\4. godina\Računarska grafika\P1\Marko-Nikolic-RA-69-2020\Project1\main.cpp(142,3): warning C4305: 'initializing': truncation from 'double' to 'float'
C:\Users\Marko\Desktop\Fakultet\4. godina\Računarska grafika\P1\Marko-Nikolic-RA-69-2020\Project1\main.cpp(143,4): warning C4305: 'initializing': truncation from 'double' to 'float'
C:\Users\Marko\Desktop\Fakultet\4. godina\Računarska grafika\P1\Marko-Nikolic-RA-69-2020\Project1\main.cpp(144,4): warning C4305: 'initializing': truncation from 'double' to 'float'
C:\Users\Marko\Desktop\Fakultet\4. godina\Računarska grafika\P1\Marko-Nikolic-RA-69-2020\Project1\main.cpp(145,4): warning C4305: 'initializing': truncation from 'double' to 'float'
C:\Users\Marko\Desktop\Fakultet\4. godina\Računarska grafika\P1\Marko-Nikolic-RA-69-2020\Project1\main.cpp(146,3): warning C4305: 'initializing': truncation from 'double' to 'float'
C:\Users\Marko\Desktop\Fakultet\4. godina\Računarska grafika\P1\Marko-Nikolic-RA-69-2020\Project1\main.cpp(147,4): warning C4305: 'initializing': truncation from 'double' to 'float'
C:\Users\Marko\Desktop\Fakultet\4. godina\Računarska grafika\P1\Marko-Nikolic-RA-69-2020\Project1\main.cpp(148,4): warning C4305: 'initializing': truncation from 'double' to 'float'
C:\Users\Marko\Desktop\Fakultet\4. godina\Računarska grafika\P1\Marko-Nikolic-RA-69-2020\Project1\main.cpp(148,11): warning C4305: 'initializing': truncation from 'double' to 'float'
C:\Users\Marko\Desktop\Fakultet\4. godina\Računarska grafika\P1\Marko-Nikolic-RA-69-2020\Project1\main.cpp(149,3): warning C4305: 'initializing': truncation from 'double' to 'float'
C:\Users\Marko\Desktop\Fakultet\4. godina\Računarska grafika\P1\Marko-Nikolic-RA-69-2020\Project1\main.cpp(149,10): warning C4305: 'initializing': truncation from 'double' to 'float'
C:\Users\Marko\Desktop\Fakultet\4. godina\Računarska grafika\P1\Marko-Nikolic-RA-69-2020\Project1\main.cpp(150,3): warning C4305: 'initializing': truncation from 'double' to 'float'
C:\Users\Marko\Desktop\Fakultet\4. godina\Računarska grafika\P1\Marko-Nikolic-RA-69-2020\Project1\main.cpp(151,4): warning C4305: 'initializing': truncation from 'double' to 'float'
C:\Users\Marko\Desktop\Fakultet\4. godina\Računarska grafika\P1\Marko-Nikolic-RA-69-2020\Project1\main.cpp(152,4): warning C4305: 'initializing': truncation from 'double' to 'float'
C:\Users\Marko\Desktop\Fakultet\4. godina\Računarska grafika\P1\Marko-Nikolic-RA-69-2020\Project1\main.cpp(153,3): warning C4305: 'initializing': truncation from 'double' to 'float'
C:\Users\Marko\Desktop\Fakultet\4. godina\Računarska grafika\P1\Marko-Nikolic-RA-69-2020\Project1\main.cpp(154,3): warning C4305: 'initializing': truncation from 'double' to 'float'
C:\Users\Marko\Desktop\Fakultet\4. godina\Računarska grafika\P1\Marko-Nikolic-RA-69-2020\Project1\main.cpp(165,10): warning C4305: 'initializing': truncation from 'double' to 'float'
C:\Users\Marko\Desktop\Fakultet\4. godina\Računarska grafika\P1\Marko-Nikolic-RA-69-2020\Project1\main.cpp(166,24): warning C4305: '=': truncation from 'double' to 'float'
C:\Users\Marko\Desktop\Fakultet\4. godina\Računarska grafika\P1\Marko-Nikolic-RA-69-2020\Project1\main.cpp(171,53): warning C4244: '=': conversion from 'double' to 'float', possible loss of data
C:\Users\Marko\Desktop\Fakultet\4. godina\Računarska grafika\P1\Marko-Nikolic-RA-69-2020\Project1\main.cpp(172,57): warning C4244: '=': conversion from 'double' to 'float', possible loss of data
C:\Users\Marko\Desktop\Fakultet\4. godina\Računarska grafika\P1\Marko-Nikolic-RA-69-2020\Project1\main.cpp(182,6): warning C4305: '=': truncation from 'double' to 'float'
C:\Users\Marko\Desktop\Fakultet\4. godina\Računarska grafika\P1\Marko-Nikolic-RA-69-2020\Project1\main.cpp(183,33): warning C4305: '=': truncation from 'double' to 'float'
C:\Users\Marko\Desktop\Fakultet\4. godina\Računarska grafika\P1\Marko-Nikolic-RA-69-2020\Project1\main.cpp(187,71): warning C4244: '=': conversion from 'double' to 'float', possible loss of data
C:\Users\Marko\Desktop\Fakultet\4. godina\Računarska grafika\P1\Marko-Nikolic-RA-69-2020\Project1\main.cpp(188,75): warning C4244: '=': conversion from 'double' to 'float', possible loss of data
C:\Users\Marko\Desktop\Fakultet\4. godina\Računarska grafika\P1\Marko-Nikolic-RA-69-2020\Project1\main.cpp(198,6): warning C4305: '=': truncation from 'double' to 'float'
C:\Users\Marko\Desktop\Fakultet\4. godina\Računarska grafika\P1\Marko-Nikolic-RA-69-2020\Project1\main.cpp(199,38): warning C4305: '=': truncation from 'double' to 'float'
C:\Users\Marko\Desktop\Fakultet\4. godina\Računarska grafika\P1\Marko-Nikolic-RA-69-2020\Project1\main.cpp(203,81): warning C4244: '=': conversion from 'double' to 'float', possible loss of data
C:\Users\Marko\Desktop\Fakultet\4. godina\Računarska grafika\P1\Marko-Nikolic-RA-69-2020\Project1\main.cpp(204,85): warning C4244: '=': conversion from 'double' to 'float', possible loss of data
C:\Users\Marko\Desktop\Fakultet\4. godina\Računarska grafika\P1\Marko-Nikolic-RA-69-2020\Project1\main.cpp(216,3): warning C4305: 'initializing': truncation from 'double' to 'float'
C:\Users\Marko\Desktop\Fakultet\4. godina\Računarska grafika\P1\Marko-Nikolic-RA-69-2020\Project1\main.cpp(217,3): warning C4305: 'initializing': truncation from 'double' to 'float'
C:\Users\Marko\Desktop\Fakultet\4. godina\Računarska grafika\P1\Marko-Nikolic-RA-69-2020\Project1\main.cpp(217,8): warning C4305: 'initializing': truncation from 'double' to 'float'
C:\Users\Marko\Desktop\Fakultet\4. godina\Računarska grafika\P1\Marko-Nikolic-RA-69-2020\Project1\main.cpp(228,6): warning C4305: '=': truncation from 'double' to 'float'
C:\Users\Marko\Desktop\Fakultet\4. godina\Računarska grafika\P1\Marko-Nikolic-RA-69-2020\Project1\main.cpp(229,22): warning C4305: '=': truncation from 'double' to 'float'
C:\Users\Marko\Desktop\Fakultet\4. godina\Računarska grafika\P1\Marko-Nikolic-RA-69-2020\Project1\main.cpp(233,49): warning C4244: '=': conversion from 'double' to 'float', possible loss of data
C:\Users\Marko\Desktop\Fakultet\4. godina\Računarska grafika\P1\Marko-Nikolic-RA-69-2020\Project1\main.cpp(234,53): warning C4244: '=': conversion from 'double' to 'float', possible loss of data
C:\Users\Marko\Desktop\Fakultet\4. godina\Računarska grafika\P1\Marko-Nikolic-RA-69-2020\Project1\main.cpp(244,6): warning C4305: '=': truncation from 'double' to 'float'
C:\Users\Marko\Desktop\Fakultet\4. godina\Računarska grafika\P1\Marko-Nikolic-RA-69-2020\Project1\main.cpp(245,27): warning C4305: '=': truncation from 'double' to 'float'
C:\Users\Marko\Desktop\Fakultet\4. godina\Računarska grafika\P1\Marko-Nikolic-RA-69-2020\Project1\main.cpp(249,59): warning C4244: '=': conversion from 'double' to 'float', possible loss of data
C:\Users\Marko\Desktop\Fakultet\4. godina\Računarska grafika\P1\Marko-Nikolic-RA-69-2020\Project1\main.cpp(250,63): warning C4244: '=': conversion from 'double' to 'float', possible loss of data
C:\Users\Marko\Desktop\Fakultet\4. godina\Računarska grafika\P1\Marko-Nikolic-RA-69-2020\Project1\main.cpp(262,4): warning C4305: 'initializing': truncation from 'double' to 'float'
C:\Users\Marko\Desktop\Fakultet\4. godina\Računarska grafika\P1\Marko-Nikolic-RA-69-2020\Project1\main.cpp(262,10): warning C4305: 'initializing': truncation from 'double' to 'float'
C:\Users\Marko\Desktop\Fakultet\4. godina\Računarska grafika\P1\Marko-Nikolic-RA-69-2020\Project1\main.cpp(263,3): warning C4305: 'initializing': truncation from 'double' to 'float'
C:\Users\Marko\Desktop\Fakultet\4. godina\Računarska grafika\P1\Marko-Nikolic-RA-69-2020\Project1\main.cpp(263,9): warning C4305: 'initializing': truncation from 'double' to 'float'
C:\Users\Marko\Desktop\Fakultet\4. godina\Računarska grafika\P1\Marko-Nikolic-RA-69-2020\Project1\main.cpp(264,4): warning C4305: 'initializing': truncation from 'double' to 'float'
C:\Users\Marko\Desktop\Fakultet\4. godina\Računarska grafika\P1\Marko-Nikolic-RA-69-2020\Project1\main.cpp(264,11): warning C4305: 'initializing': truncation from 'double' to 'float'
C:\Users\Marko\Desktop\Fakultet\4. godina\Računarska grafika\P1\Marko-Nikolic-RA-69-2020\Project1\main.cpp(265,3): warning C4305: 'initializing': truncation from 'double' to 'float'
C:\Users\Marko\Desktop\Fakultet\4. godina\Računarska grafika\P1\Marko-Nikolic-RA-69-2020\Project1\main.cpp(265,10): warning C4305: 'initializing': truncation from 'double' to 'float'
C:\Users\Marko\Desktop\Fakultet\4. godina\Računarska grafika\P1\Marko-Nikolic-RA-69-2020\Project1\main.cpp(278,4): warning C4305: 'initializing': truncation from 'double' to 'float'
C:\Users\Marko\Desktop\Fakultet\4. godina\Računarska grafika\P1\Marko-Nikolic-RA-69-2020\Project1\main.cpp(279,3): warning C4305: 'initializing': truncation from 'double' to 'float'
C:\Users\Marko\Desktop\Fakultet\4. godina\Računarska grafika\P1\Marko-Nikolic-RA-69-2020\Project1\main.cpp(281,17): warning C4305: 'initializing': truncation from 'double' to 'float'
C:\Users\Marko\Desktop\Fakultet\4. godina\Računarska grafika\P1\Marko-Nikolic-RA-69-2020\Project1\main.cpp(283,41): warning C4244: '=': conversion from 'double' to 'float', possible loss of data
C:\Users\Marko\Desktop\Fakultet\4. godina\Računarska grafika\P1\Marko-Nikolic-RA-69-2020\Project1\main.cpp(284,40): warning C4305: '=': truncation from 'double' to 'float'
C:\Users\Marko\Desktop\Fakultet\4. godina\Računarska grafika\P1\Marko-Nikolic-RA-69-2020\Project1\main.cpp(285,45): warning C4244: '=': conversion from 'double' to 'float', possible loss of data
C:\Users\Marko\Desktop\Fakultet\4. godina\Računarska grafika\P1\Marko-Nikolic-RA-69-2020\Project1\main.cpp(286,40): warning C4305: '=': truncation from 'double' to 'float'
C:\Users\Marko\Desktop\Fakultet\4. godina\Računarska grafika\P1\Marko-Nikolic-RA-69-2020\Project1\main.cpp(288,34): warning C4305: '=': truncation from 'double' to 'float'
C:\Users\Marko\Desktop\Fakultet\4. godina\Računarska grafika\P1\Marko-Nikolic-RA-69-2020\Project1\main.cpp(289,33): warning C4305: '=': truncation from 'double' to 'float'
C:\Users\Marko\Desktop\Fakultet\4. godina\Računarska grafika\P1\Marko-Nikolic-RA-69-2020\Project1\main.cpp(290,34): warning C4305: '=': truncation from 'double' to 'float'
C:\Users\Marko\Desktop\Fakultet\4. godina\Računarska grafika\P1\Marko-Nikolic-RA-69-2020\Project1\main.cpp(291,33): warning C4305: '=': truncation from 'double' to 'float'
C:\Users\Marko\Desktop\Fakultet\4. godina\Računarska grafika\P1\Marko-Nikolic-RA-69-2020\Project1\main.cpp(292,34): warning C4305: '=': truncation from 'double' to 'float'
C:\Users\Marko\Desktop\Fakultet\4. godina\Računarska grafika\P1\Marko-Nikolic-RA-69-2020\Project1\main.cpp(293,33): warning C4305: '=': truncation from 'double' to 'float'
C:\Users\Marko\Desktop\Fakultet\4. godina\Računarska grafika\P1\Marko-Nikolic-RA-69-2020\Project1\main.cpp(294,33): warning C4305: '=': truncation from 'double' to 'float'
C:\Users\Marko\Desktop\Fakultet\4. godina\Računarska grafika\P1\Marko-Nikolic-RA-69-2020\Project1\main.cpp(295,33): warning C4305: '=': truncation from 'double' to 'float'
C:\Users\Marko\Desktop\Fakultet\4. godina\Računarska grafika\P1\Marko-Nikolic-RA-69-2020\Project1\main.cpp(296,33): warning C4305: '=': truncation from 'double' to 'float'
C:\Users\Marko\Desktop\Fakultet\4. godina\Računarska grafika\P1\Marko-Nikolic-RA-69-2020\Project1\main.cpp(297,33): warning C4305: '=': truncation from 'double' to 'float'
C:\Users\Marko\Desktop\Fakultet\4. godina\Računarska grafika\P1\Marko-Nikolic-RA-69-2020\Project1\main.cpp(298,34): warning C4305: '=': truncation from 'double' to 'float'
C:\Users\Marko\Desktop\Fakultet\4. godina\Računarska grafika\P1\Marko-Nikolic-RA-69-2020\Project1\main.cpp(299,33): warning C4305: '=': truncation from 'double' to 'float'
C:\Users\Marko\Desktop\Fakultet\4. godina\Računarska grafika\P1\Marko-Nikolic-RA-69-2020\Project1\main.cpp(300,34): warning C4305: '=': truncation from 'double' to 'float'
C:\Users\Marko\Desktop\Fakultet\4. godina\Računarska grafika\P1\Marko-Nikolic-RA-69-2020\Project1\main.cpp(301,33): warning C4305: '=': truncation from 'double' to 'float'
C:\Users\Marko\Desktop\Fakultet\4. godina\Računarska grafika\P1\Marko-Nikolic-RA-69-2020\Project1\main.cpp(313,4): warning C4305: 'initializing': truncation from 'double' to 'float'
C:\Users\Marko\Desktop\Fakultet\4. godina\Računarska grafika\P1\Marko-Nikolic-RA-69-2020\Project1\main.cpp(315,4): warning C4305: 'initializing': truncation from 'double' to 'float'
C:\Users\Marko\Desktop\Fakultet\4. godina\Računarska grafika\P1\Marko-Nikolic-RA-69-2020\Project1\main.cpp(315,10): warning C4305: 'initializing': truncation from 'double' to 'float'
C:\Users\Marko\Desktop\Fakultet\4. godina\Računarska grafika\P1\Marko-Nikolic-RA-69-2020\Project1\main.cpp(316,11): warning C4305: 'initializing': truncation from 'double' to 'float'
C:\Users\Marko\Desktop\Fakultet\4. godina\Računarska grafika\P1\Marko-Nikolic-RA-69-2020\Project1\main.cpp(330,11): warning C4305: 'initializing': truncation from 'double' to 'float'
C:\Users\Marko\Desktop\Fakultet\4. godina\Računarska grafika\P1\Marko-Nikolic-RA-69-2020\Project1\main.cpp(331,4): warning C4305: 'initializing': truncation from 'double' to 'float'
C:\Users\Marko\Desktop\Fakultet\4. godina\Računarska grafika\P1\Marko-Nikolic-RA-69-2020\Project1\main.cpp(331,10): warning C4305: 'initializing': truncation from 'double' to 'float'
C:\Users\Marko\Desktop\Fakultet\4. godina\Računarska grafika\P1\Marko-Nikolic-RA-69-2020\Project1\main.cpp(332,4): warning C4305: 'initializing': truncation from 'double' to 'float'
C:\Users\Marko\Desktop\Fakultet\4. godina\Računarska grafika\P1\Marko-Nikolic-RA-69-2020\Project1\main.cpp(345,4): warning C4305: 'initializing': truncation from 'double' to 'float'
C:\Users\Marko\Desktop\Fakultet\4. godina\Računarska grafika\P1\Marko-Nikolic-RA-69-2020\Project1\main.cpp(345,12): warning C4305: 'initializing': truncation from 'double' to 'float'
C:\Users\Marko\Desktop\Fakultet\4. godina\Računarska grafika\P1\Marko-Nikolic-RA-69-2020\Project1\main.cpp(346,4): warning C4305: 'initializing': truncation from 'double' to 'float'
C:\Users\Marko\Desktop\Fakultet\4. godina\Računarska grafika\P1\Marko-Nikolic-RA-69-2020\Project1\main.cpp(346,12): warning C4305: 'initializing': truncation from 'double' to 'float'
C:\Users\Marko\Desktop\Fakultet\4. godina\Računarska grafika\P1\Marko-Nikolic-RA-69-2020\Project1\main.cpp(347,4): warning C4305: 'initializing': truncation from 'double' to 'float'
C:\Users\Marko\Desktop\Fakultet\4. godina\Računarska grafika\P1\Marko-Nikolic-RA-69-2020\Project1\main.cpp(347,13): warning C4305: 'initializing': truncation from 'double' to 'float'
C:\Users\Marko\Desktop\Fakultet\4. godina\Računarska grafika\P1\Marko-Nikolic-RA-69-2020\Project1\main.cpp(348,4): warning C4305: 'initializing': truncation from 'double' to 'float'
C:\Users\Marko\Desktop\Fakultet\4. godina\Računarska grafika\P1\Marko-Nikolic-RA-69-2020\Project1\main.cpp(348,13): warning C4305: 'initializing': truncation from 'double' to 'float'
C:\Users\Marko\Desktop\Fakultet\4. godina\Računarska grafika\P1\Marko-Nikolic-RA-69-2020\Project1\main.cpp(361,4): warning C4305: 'initializing': truncation from 'double' to 'float'
C:\Users\Marko\Desktop\Fakultet\4. godina\Računarska grafika\P1\Marko-Nikolic-RA-69-2020\Project1\main.cpp(361,12): warning C4305: 'initializing': truncation from 'double' to 'float'
C:\Users\Marko\Desktop\Fakultet\4. godina\Računarska grafika\P1\Marko-Nikolic-RA-69-2020\Project1\main.cpp(362,4): warning C4305: 'initializing': truncation from 'double' to 'float'
C:\Users\Marko\Desktop\Fakultet\4. godina\Računarska grafika\P1\Marko-Nikolic-RA-69-2020\Project1\main.cpp(362,13): warning C4305: 'initializing': truncation from 'double' to 'float'
C:\Users\Marko\Desktop\Fakultet\4. godina\Računarska grafika\P1\Marko-Nikolic-RA-69-2020\Project1\main.cpp(363,4): warning C4305: 'initializing': truncation from 'double' to 'float'
C:\Users\Marko\Desktop\Fakultet\4. godina\Računarska grafika\P1\Marko-Nikolic-RA-69-2020\Project1\main.cpp(363,13): warning C4305: 'initializing': truncation from 'double' to 'float'
C:\Users\Marko\Desktop\Fakultet\4. godina\Računarska grafika\P1\Marko-Nikolic-RA-69-2020\Project1\main.cpp(364,4): warning C4305: 'initializing': truncation from 'double' to 'float'
C:\Users\Marko\Desktop\Fakultet\4. godina\Računarska grafika\P1\Marko-Nikolic-RA-69-2020\Project1\main.cpp(364,12): warning C4305: 'initializing': truncation from 'double' to 'float'
C:\Users\Marko\Desktop\Fakultet\4. godina\Računarska grafika\P1\Marko-Nikolic-RA-69-2020\Project1\main.cpp(377,4): warning C4305: 'initializing': truncation from 'double' to 'float'
C:\Users\Marko\Desktop\Fakultet\4. godina\Računarska grafika\P1\Marko-Nikolic-RA-69-2020\Project1\main.cpp(377,9): warning C4305: 'initializing': truncation from 'double' to 'float'
C:\Users\Marko\Desktop\Fakultet\4. godina\Računarska grafika\P1\Marko-Nikolic-RA-69-2020\Project1\main.cpp(378,10): warning C4305: 'initializing': truncation from 'double' to 'float'
C:\Users\Marko\Desktop\Fakultet\4. godina\Računarska grafika\P1\Marko-Nikolic-RA-69-2020\Project1\main.cpp(379,4): warning C4305: 'initializing': truncation from 'double' to 'float'
C:\Users\Marko\Desktop\Fakultet\4. godina\Računarska grafika\P1\Marko-Nikolic-RA-69-2020\Project1\main.cpp(379,10): warning C4305: 'initializing': truncation from 'double' to 'float'
C:\Users\Marko\Desktop\Fakultet\4. godina\Računarska grafika\P1\Marko-Nikolic-RA-69-2020\Project1\main.cpp(380,11): warning C4305: 'initializing': truncation from 'double' to 'float'
C:\Users\Marko\Desktop\Fakultet\4. godina\Računarska grafika\P1\Marko-Nikolic-RA-69-2020\Project1\main.cpp(393,4): warning C4305: 'initializing': truncation from 'double' to 'float'
C:\Users\Marko\Desktop\Fakultet\4. godina\Računarska grafika\P1\Marko-Nikolic-RA-69-2020\Project1\main.cpp(393,9): warning C4305: 'initializing': truncation from 'double' to 'float'
C:\Users\Marko\Desktop\Fakultet\4. godina\Računarska grafika\P1\Marko-Nikolic-RA-69-2020\Project1\main.cpp(394,4): warning C4305: 'initializing': truncation from 'double' to 'float'
C:\Users\Marko\Desktop\Fakultet\4. godina\Računarska grafika\P1\Marko-Nikolic-RA-69-2020\Project1\main.cpp(394,9): warning C4305: 'initializing': truncation from 'double' to 'float'
C:\Users\Marko\Desktop\Fakultet\4. godina\Računarska grafika\P1\Marko-Nikolic-RA-69-2020\Project1\main.cpp(395,10): warning C4305: 'initializing': truncation from 'double' to 'float'
C:\Users\Marko\Desktop\Fakultet\4. godina\Računarska grafika\P1\Marko-Nikolic-RA-69-2020\Project1\main.cpp(396,11): warning C4305: 'initializing': truncation from 'double' to 'float'
C:\Users\Marko\Desktop\Fakultet\4. godina\Računarska grafika\P1\Marko-Nikolic-RA-69-2020\Project1\main.cpp(397,4): warning C4305: 'initializing': truncation from 'double' to 'float'
C:\Users\Marko\Desktop\Fakultet\4. godina\Računarska grafika\P1\Marko-Nikolic-RA-69-2020\Project1\main.cpp(397,9): warning C4305: 'initializing': truncation from 'double' to 'float'
C:\Users\Marko\Desktop\Fakultet\4. godina\Računarska grafika\P1\Marko-Nikolic-RA-69-2020\Project1\main.cpp(410,10): warning C4305: 'initializing': truncation from 'double' to 'float'
C:\Users\Marko\Desktop\Fakultet\4. godina\Računarska grafika\P1\Marko-Nikolic-RA-69-2020\Project1\main.cpp(411,3): warning C4305: 'initializing': truncation from 'double' to 'float'
C:\Users\Marko\Desktop\Fakultet\4. godina\Računarska grafika\P1\Marko-Nikolic-RA-69-2020\Project1\main.cpp(411,9): warning C4305: 'initializing': truncation from 'double' to 'float'
C:\Users\Marko\Desktop\Fakultet\4. godina\Računarska grafika\P1\Marko-Nikolic-RA-69-2020\Project1\main.cpp(412,11): warning C4305: 'initializing': truncation from 'double' to 'float'
C:\Users\Marko\Desktop\Fakultet\4. godina\Računarska grafika\P1\Marko-Nikolic-RA-69-2020\Project1\main.cpp(413,3): warning C4305: 'initializing': truncation from 'double' to 'float'
C:\Users\Marko\Desktop\Fakultet\4. godina\Računarska grafika\P1\Marko-Nikolic-RA-69-2020\Project1\main.cpp(413,10): warning C4305: 'initializing': truncation from 'double' to 'float'
C:\Users\Marko\Desktop\Fakultet\4. godina\Računarska grafika\P1\Marko-Nikolic-RA-69-2020\Project1\main.cpp(425,26): warning C4305: '=': truncation from 'double' to 'float'
C:\Users\Marko\Desktop\Fakultet\4. godina\Računarska grafika\P1\Marko-Nikolic-RA-69-2020\Project1\main.cpp(430,57): warning C4244: '=': conversion from 'double' to 'float', possible loss of data
C:\Users\Marko\Desktop\Fakultet\4. godina\Računarska grafika\P1\Marko-Nikolic-RA-69-2020\Project1\main.cpp(431,61): warning C4244: '=': conversion from 'double' to 'float', possible loss of data
C:\Users\Marko\Desktop\Fakultet\4. godina\Računarska grafika\P1\Marko-Nikolic-RA-69-2020\Project1\main.cpp(441,6): warning C4305: '=': truncation from 'double' to 'float'
C:\Users\Marko\Desktop\Fakultet\4. godina\Računarska grafika\P1\Marko-Nikolic-RA-69-2020\Project1\main.cpp(442,28): warning C4305: '=': truncation from 'double' to 'float'
C:\Users\Marko\Desktop\Fakultet\4. godina\Računarska grafika\P1\Marko-Nikolic-RA-69-2020\Project1\main.cpp(447,61): warning C4244: '=': conversion from 'double' to 'float', possible loss of data
C:\Users\Marko\Desktop\Fakultet\4. godina\Računarska grafika\P1\Marko-Nikolic-RA-69-2020\Project1\main.cpp(448,65): warning C4244: '=': conversion from 'double' to 'float', possible loss of data
C:\Users\Marko\Desktop\Fakultet\4. godina\Računarska grafika\P1\Marko-Nikolic-RA-69-2020\Project1\main.cpp(459,10): warning C4305: 'initializing': truncation from 'double' to 'float'
C:\Users\Marko\Desktop\Fakultet\4. godina\Računarska grafika\P1\Marko-Nikolic-RA-69-2020\Project1\main.cpp(460,3): warning C4305: 'initializing': truncation from 'double' to 'float'
C:\Users\Marko\Desktop\Fakultet\4. godina\Računarska grafika\P1\Marko-Nikolic-RA-69-2020\Project1\main.cpp(460,9): warning C4305: 'initializing': truncation from 'double' to 'float'
C:\Users\Marko\Desktop\Fakultet\4. godina\Računarska grafika\P1\Marko-Nikolic-RA-69-2020\Project1\main.cpp(461,11): warning C4305: 'initializing': truncation from 'double' to 'float'
C:\Users\Marko\Desktop\Fakultet\4. godina\Računarska grafika\P1\Marko-Nikolic-RA-69-2020\Project1\main.cpp(462,3): warning C4305: 'initializing': truncation from 'double' to 'float'
C:\Users\Marko\Desktop\Fakultet\4. godina\Računarska grafika\P1\Marko-Nikolic-RA-69-2020\Project1\main.cpp(462,10): warning C4305: 'initializing': truncation from 'double' to 'float'
C:\Users\Marko\Desktop\Fakultet\4. godina\Računarska grafika\P1\Marko-Nikolic-RA-69-2020\Project1\main.cpp(487,10): warning C4305: 'initializing': truncation from 'double' to 'float'
C:\Users\Marko\Desktop\Fakultet\4. godina\Računarska grafika\P1\Marko-Nikolic-RA-69-2020\Project1\main.cpp(488,3): warning C4305: 'initializing': truncation from 'double' to 'float'
C:\Users\Marko\Desktop\Fakultet\4. godina\Računarska grafika\P1\Marko-Nikolic-RA-69-2020\Project1\main.cpp(488,9): warning C4305: 'initializing': truncation from 'double' to 'float'
C:\Users\Marko\Desktop\Fakultet\4. godina\Računarska grafika\P1\Marko-Nikolic-RA-69-2020\Project1\main.cpp(489,3): warning C4305: 'initializing': truncation from 'double' to 'float'
C:\Users\Marko\Desktop\Fakultet\4. godina\Računarska grafika\P1\Marko-Nikolic-RA-69-2020\Project1\main.cpp(489,10): warning C4305: 'initializing': truncation from 'double' to 'float'
C:\Users\Marko\Desktop\Fakultet\4. godina\Računarska grafika\P1\Marko-Nikolic-RA-69-2020\Project1\main.cpp(490,11): warning C4305: 'initializing': truncation from 'double' to 'float'
C:\Users\Marko\Desktop\Fakultet\4. godina\Računarska grafika\P1\Marko-Nikolic-RA-69-2020\Project1\main.cpp(491,10): warning C4305: 'initializing': truncation from 'double' to 'float'
C:\Users\Marko\Desktop\Fakultet\4. godina\Računarska grafika\P1\Marko-Nikolic-RA-69-2020\Project1\main.cpp(504,4): warning C4305: 'initializing': truncation from 'double' to 'float'
C:\Users\Marko\Desktop\Fakultet\4. godina\Računarska grafika\P1\Marko-Nikolic-RA-69-2020\Project1\main.cpp(504,10): warning C4305: 'initializing': truncation from 'double' to 'float'
C:\Users\Marko\Desktop\Fakultet\4. godina\Računarska grafika\P1\Marko-Nikolic-RA-69-2020\Project1\main.cpp(505,11): warning C4305: 'initializing': truncation from 'double' to 'float'
C:\Users\Marko\Desktop\Fakultet\4. godina\Računarska grafika\P1\Marko-Nikolic-RA-69-2020\Project1\main.cpp(506,4): warning C4305: 'initializing': truncation from 'double' to 'float'
C:\Users\Marko\Desktop\Fakultet\4. godina\Računarska grafika\P1\Marko-Nikolic-RA-69-2020\Project1\main.cpp(506,11): warning C4305: 'initializing': truncation from 'double' to 'float'
C:\Users\Marko\Desktop\Fakultet\4. godina\Računarska grafika\P1\Marko-Nikolic-RA-69-2020\Project1\main.cpp(507,12): warning C4305: 'initializing': truncation from 'double' to 'float'
C:\Users\Marko\Desktop\Fakultet\4. godina\Računarska grafika\P1\Marko-Nikolic-RA-69-2020\Project1\main.cpp(519,28): warning C4305: '=': truncation from 'double' to 'float'
C:\Users\Marko\Desktop\Fakultet\4. godina\Računarska grafika\P1\Marko-Nikolic-RA-69-2020\Project1\main.cpp(524,59): warning C4244: '=': conversion from 'double' to 'float', possible loss of data
C:\Users\Marko\Desktop\Fakultet\4. godina\Računarska grafika\P1\Marko-Nikolic-RA-69-2020\Project1\main.cpp(525,63): warning C4244: '=': conversion from 'double' to 'float', possible loss of data
C:\Users\Marko\Desktop\Fakultet\4. godina\Računarska grafika\P1\Marko-Nikolic-RA-69-2020\Project1\main.cpp(535,6): warning C4305: '=': truncation from 'double' to 'float'
C:\Users\Marko\Desktop\Fakultet\4. godina\Računarska grafika\P1\Marko-Nikolic-RA-69-2020\Project1\main.cpp(536,30): warning C4305: '=': truncation from 'double' to 'float'
C:\Users\Marko\Desktop\Fakultet\4. godina\Računarska grafika\P1\Marko-Nikolic-RA-69-2020\Project1\main.cpp(541,63): warning C4244: '=': conversion from 'double' to 'float', possible loss of data
C:\Users\Marko\Desktop\Fakultet\4. godina\Računarska grafika\P1\Marko-Nikolic-RA-69-2020\Project1\main.cpp(542,67): warning C4244: '=': conversion from 'double' to 'float', possible loss of data
C:\Users\Marko\Desktop\Fakultet\4. godina\Računarska grafika\P1\Marko-Nikolic-RA-69-2020\Project1\main.cpp(553,4): warning C4305: 'initializing': truncation from 'double' to 'float'
C:\Users\Marko\Desktop\Fakultet\4. godina\Računarska grafika\P1\Marko-Nikolic-RA-69-2020\Project1\main.cpp(553,10): warning C4305: 'initializing': truncation from 'double' to 'float'
C:\Users\Marko\Desktop\Fakultet\4. godina\Računarska grafika\P1\Marko-Nikolic-RA-69-2020\Project1\main.cpp(554,11): warning C4305: 'initializing': truncation from 'double' to 'float'
C:\Users\Marko\Desktop\Fakultet\4. godina\Računarska grafika\P1\Marko-Nikolic-RA-69-2020\Project1\main.cpp(555,4): warning C4305: 'initializing': truncation from 'double' to 'float'
C:\Users\Marko\Desktop\Fakultet\4. godina\Računarska grafika\P1\Marko-Nikolic-RA-69-2020\Project1\main.cpp(555,11): warning C4305: 'initializing': truncation from 'double' to 'float'
C:\Users\Marko\Desktop\Fakultet\4. godina\Računarska grafika\P1\Marko-Nikolic-RA-69-2020\Project1\main.cpp(556,12): warning C4305: 'initializing': truncation from 'double' to 'float'
C:\Users\Marko\Desktop\Fakultet\4. godina\Računarska grafika\P1\Marko-Nikolic-RA-69-2020\Project1\main.cpp(579,4): warning C4305: 'initializing': truncation from 'double' to 'float'
C:\Users\Marko\Desktop\Fakultet\4. godina\Računarska grafika\P1\Marko-Nikolic-RA-69-2020\Project1\main.cpp(579,10): warning C4305: 'initializing': truncation from 'double' to 'float'
C:\Users\Marko\Desktop\Fakultet\4. godina\Računarska grafika\P1\Marko-Nikolic-RA-69-2020\Project1\main.cpp(580,11): warning C4305: 'initializing': truncation from 'double' to 'float'
C:\Users\Marko\Desktop\Fakultet\4. godina\Računarska grafika\P1\Marko-Nikolic-RA-69-2020\Project1\main.cpp(581,12): warning C4305: 'initializing': truncation from 'double' to 'float'
C:\Users\Marko\Desktop\Fakultet\4. godina\Računarska grafika\P1\Marko-Nikolic-RA-69-2020\Project1\main.cpp(582,4): warning C4305: 'initializing': truncation from 'double' to 'float'
C:\Users\Marko\Desktop\Fakultet\4. godina\Računarska grafika\P1\Marko-Nikolic-RA-69-2020\Project1\main.cpp(582,11): warning C4305: 'initializing': truncation from 'double' to 'float'
C:\Users\Marko\Desktop\Fakultet\4. godina\Računarska grafika\P1\Marko-Nikolic-RA-69-2020\Project1\main.cpp(583,4): warning C4305: 'initializing': truncation from 'double' to 'float'
C:\Users\Marko\Desktop\Fakultet\4. godina\Računarska grafika\P1\Marko-Nikolic-RA-69-2020\Project1\main.cpp(583,10): warning C4305: 'initializing': truncation from 'double' to 'float'
C:\Users\Marko\Desktop\Fakultet\4. godina\Računarska grafika\P1\Marko-Nikolic-RA-69-2020\Project1\main.cpp(596,3): warning C4305: 'initializing': truncation from 'double' to 'float'
C:\Users\Marko\Desktop\Fakultet\4. godina\Računarska grafika\P1\Marko-Nikolic-RA-69-2020\Project1\main.cpp(596,10): warning C4305: 'initializing': truncation from 'double' to 'float'
C:\Users\Marko\Desktop\Fakultet\4. godina\Računarska grafika\P1\Marko-Nikolic-RA-69-2020\Project1\main.cpp(597,3): warning C4305: 'initializing': truncation from 'double' to 'float'
C:\Users\Marko\Desktop\Fakultet\4. godina\Računarska grafika\P1\Marko-Nikolic-RA-69-2020\Project1\main.cpp(597,9): warning C4305: 'initializing': truncation from 'double' to 'float'
C:\Users\Marko\Desktop\Fakultet\4. godina\Računarska grafika\P1\Marko-Nikolic-RA-69-2020\Project1\main.cpp(598,3): warning C4305: 'initializing': truncation from 'double' to 'float'
C:\Users\Marko\Desktop\Fakultet\4. godina\Računarska grafika\P1\Marko-Nikolic-RA-69-2020\Project1\main.cpp(598,11): warning C4305: 'initializing': truncation from 'double' to 'float'
C:\Users\Marko\Desktop\Fakultet\4. godina\Računarska grafika\P1\Marko-Nikolic-RA-69-2020\Project1\main.cpp(599,3): warning C4305: 'initializing': truncation from 'double' to 'float'
C:\Users\Marko\Desktop\Fakultet\4. godina\Računarska grafika\P1\Marko-Nikolic-RA-69-2020\Project1\main.cpp(599,10): warning C4305: 'initializing': truncation from 'double' to 'float'
C:\Users\Marko\Desktop\Fakultet\4. godina\Računarska grafika\P1\Marko-Nikolic-RA-69-2020\Project1\main.cpp(612,3): warning C4305: 'initializing': truncation from 'double' to 'float'
C:\Users\Marko\Desktop\Fakultet\4. godina\Računarska grafika\P1\Marko-Nikolic-RA-69-2020\Project1\main.cpp(612,10): warning C4305: 'initializing': truncation from 'double' to 'float'
C:\Users\Marko\Desktop\Fakultet\4. godina\Računarska grafika\P1\Marko-Nikolic-RA-69-2020\Project1\main.cpp(613,3): warning C4305: 'initializing': truncation from 'double' to 'float'
C:\Users\Marko\Desktop\Fakultet\4. godina\Računarska grafika\P1\Marko-Nikolic-RA-69-2020\Project1\main.cpp(613,9): warning C4305: 'initializing': truncation from 'double' to 'float'
C:\Users\Marko\Desktop\Fakultet\4. godina\Računarska grafika\P1\Marko-Nikolic-RA-69-2020\Project1\main.cpp(614,3): warning C4305: 'initializing': truncation from 'double' to 'float'
C:\Users\Marko\Desktop\Fakultet\4. godina\Računarska grafika\P1\Marko-Nikolic-RA-69-2020\Project1\main.cpp(614,11): warning C4305: 'initializing': truncation from 'double' to 'float'
C:\Users\Marko\Desktop\Fakultet\4. godina\Računarska grafika\P1\Marko-Nikolic-RA-69-2020\Project1\main.cpp(615,3): warning C4305: 'initializing': truncation from 'double' to 'float'
C:\Users\Marko\Desktop\Fakultet\4. godina\Računarska grafika\P1\Marko-Nikolic-RA-69-2020\Project1\main.cpp(615,10): warning C4305: 'initializing': truncation from 'double' to 'float'
C:\Users\Marko\Desktop\Fakultet\4. godina\Računarska grafika\P1\Marko-Nikolic-RA-69-2020\Project1\main.cpp(628,3): warning C4305: 'initializing': truncation from 'double' to 'float'
C:\Users\Marko\Desktop\Fakultet\4. godina\Računarska grafika\P1\Marko-Nikolic-RA-69-2020\Project1\main.cpp(629,3): warning C4305: 'initializing': truncation from 'double' to 'float'
C:\Users\Marko\Desktop\Fakultet\4. godina\Računarska grafika\P1\Marko-Nikolic-RA-69-2020\Project1\main.cpp(630,3): warning C4305: 'initializing': truncation from 'double' to 'float'
C:\Users\Marko\Desktop\Fakultet\4. godina\Računarska grafika\P1\Marko-Nikolic-RA-69-2020\Project1\main.cpp(630,11): warning C4305: 'initializing': truncation from 'double' to 'float'
C:\Users\Marko\Desktop\Fakultet\4. godina\Računarska grafika\P1\Marko-Nikolic-RA-69-2020\Project1\main.cpp(631,3): warning C4305: 'initializing': truncation from 'double' to 'float'
C:\Users\Marko\Desktop\Fakultet\4. godina\Računarska grafika\P1\Marko-Nikolic-RA-69-2020\Project1\main.cpp(631,10): warning C4305: 'initializing': truncation from 'double' to 'float'
C:\Users\Marko\Desktop\Fakultet\4. godina\Računarska grafika\P1\Marko-Nikolic-RA-69-2020\Project1\main.cpp(644,3): warning C4305: 'initializing': truncation from 'double' to 'float'
C:\Users\Marko\Desktop\Fakultet\4. godina\Računarska grafika\P1\Marko-Nikolic-RA-69-2020\Project1\main.cpp(644,10): warning C4305: 'initializing': truncation from 'double' to 'float'
C:\Users\Marko\Desktop\Fakultet\4. godina\Računarska grafika\P1\Marko-Nikolic-RA-69-2020\Project1\main.cpp(645,3): warning C4305: 'initializing': truncation from 'double' to 'float'
C:\Users\Marko\Desktop\Fakultet\4. godina\Računarska grafika\P1\Marko-Nikolic-RA-69-2020\Project1\main.cpp(645,9): warning C4305: 'initializing': truncation from 'double' to 'float'
C:\Users\Marko\Desktop\Fakultet\4. godina\Računarska grafika\P1\Marko-Nikolic-RA-69-2020\Project1\main.cpp(646,3): warning C4305: 'initializing': truncation from 'double' to 'float'
C:\Users\Marko\Desktop\Fakultet\4. godina\Računarska grafika\P1\Marko-Nikolic-RA-69-2020\Project1\main.cpp(646,10): warning C4305: 'initializing': truncation from 'double' to 'float'
C:\Users\Marko\Desktop\Fakultet\4. godina\Računarska grafika\P1\Marko-Nikolic-RA-69-2020\Project1\main.cpp(647,3): warning C4305: 'initializing': truncation from 'double' to 'float'
C:\Users\Marko\Desktop\Fakultet\4. godina\Računarska grafika\P1\Marko-Nikolic-RA-69-2020\Project1\main.cpp(647,11): warning C4305: 'initializing': truncation from 'double' to 'float'
C:\Users\Marko\Desktop\Fakultet\4. godina\Računarska grafika\P1\Marko-Nikolic-RA-69-2020\Project1\main.cpp(648,3): warning C4305: 'initializing': truncation from 'double' to 'float'
C:\Users\Marko\Desktop\Fakultet\4. godina\Računarska grafika\P1\Marko-Nikolic-RA-69-2020\Project1\main.cpp(648,10): warning C4305: 'initializing': truncation from 'double' to 'float'
C:\Users\Marko\Desktop\Fakultet\4. godina\Računarska grafika\P1\Marko-Nikolic-RA-69-2020\Project1\main.cpp(661,3): warning C4305: 'initializing': truncation from 'double' to 'float'
C:\Users\Marko\Desktop\Fakultet\4. godina\Računarska grafika\P1\Marko-Nikolic-RA-69-2020\Project1\main.cpp(661,11): warning C4305: 'initializing': truncation from 'double' to 'float'
C:\Users\Marko\Desktop\Fakultet\4. godina\Računarska grafika\P1\Marko-Nikolic-RA-69-2020\Project1\main.cpp(662,3): warning C4305: 'initializing': truncation from 'double' to 'float'
C:\Users\Marko\Desktop\Fakultet\4. godina\Računarska grafika\P1\Marko-Nikolic-RA-69-2020\Project1\main.cpp(662,11): warning C4305: 'initializing': truncation from 'double' to 'float'
C:\Users\Marko\Desktop\Fakultet\4. godina\Računarska grafika\P1\Marko-Nikolic-RA-69-2020\Project1\main.cpp(675,3): warning C4305: 'initializing': truncation from 'double' to 'float'
C:\Users\Marko\Desktop\Fakultet\4. godina\Računarska grafika\P1\Marko-Nikolic-RA-69-2020\Project1\main.cpp(675,12): warning C4305: 'initializing': truncation from 'double' to 'float'
C:\Users\Marko\Desktop\Fakultet\4. godina\Računarska grafika\P1\Marko-Nikolic-RA-69-2020\Project1\main.cpp(676,3): warning C4305: 'initializing': truncation from 'double' to 'float'
C:\Users\Marko\Desktop\Fakultet\4. godina\Računarska grafika\P1\Marko-Nikolic-RA-69-2020\Project1\main.cpp(676,12): warning C4305: 'initializing': truncation from 'double' to 'float'
C:\Users\Marko\Desktop\Fakultet\4. godina\Računarska grafika\P1\Marko-Nikolic-RA-69-2020\Project1\main.cpp(677,3): warning C4305: 'initializing': truncation from 'double' to 'float'
C:\Users\Marko\Desktop\Fakultet\4. godina\Računarska grafika\P1\Marko-Nikolic-RA-69-2020\Project1\main.cpp(677,13): warning C4305: 'initializing': truncation from 'double' to 'float'
C:\Users\Marko\Desktop\Fakultet\4. godina\Računarska grafika\P1\Marko-Nikolic-RA-69-2020\Project1\main.cpp(678,3): warning C4305: 'initializing': truncation from 'double' to 'float'
C:\Users\Marko\Desktop\Fakultet\4. godina\Računarska grafika\P1\Marko-Nikolic-RA-69-2020\Project1\main.cpp(678,13): warning C4305: 'initializing': truncation from 'double' to 'float'
C:\Users\Marko\Desktop\Fakultet\4. godina\Računarska grafika\P1\Marko-Nikolic-RA-69-2020\Project1\main.cpp(691,3): warning C4305: 'initializing': truncation from 'double' to 'float'
C:\Users\Marko\Desktop\Fakultet\4. godina\Računarska grafika\P1\Marko-Nikolic-RA-69-2020\Project1\main.cpp(691,12): warning C4305: 'initializing': truncation from 'double' to 'float'
C:\Users\Marko\Desktop\Fakultet\4. godina\Računarska grafika\P1\Marko-Nikolic-RA-69-2020\Project1\main.cpp(692,3): warning C4305: 'initializing': truncation from 'double' to 'float'
C:\Users\Marko\Desktop\Fakultet\4. godina\Računarska grafika\P1\Marko-Nikolic-RA-69-2020\Project1\main.cpp(692,12): warning C4305: 'initializing': truncation from 'double' to 'float'
C:\Users\Marko\Desktop\Fakultet\4. godina\Računarska grafika\P1\Marko-Nikolic-RA-69-2020\Project1\main.cpp(693,3): warning C4305: 'initializing': truncation from 'double' to 'float'
C:\Users\Marko\Desktop\Fakultet\4. godina\Računarska grafika\P1\Marko-Nikolic-RA-69-2020\Project1\main.cpp(693,13): warning C4305: 'initializing': truncation from 'double' to 'float'
C:\Users\Marko\Desktop\Fakultet\4. godina\Računarska grafika\P1\Marko-Nikolic-RA-69-2020\Project1\main.cpp(694,3): warning C4305: 'initializing': truncation from 'double' to 'float'
C:\Users\Marko\Desktop\Fakultet\4. godina\Računarska grafika\P1\Marko-Nikolic-RA-69-2020\Project1\main.cpp(694,13): warning C4305: 'initializing': truncation from 'double' to 'float'
C:\Users\Marko\Desktop\Fakultet\4. godina\Računarska grafika\P1\Marko-Nikolic-RA-69-2020\Project1\main.cpp(695,3): warning C4305: 'initializing': truncation from 'double' to 'float'
C:\Users\Marko\Desktop\Fakultet\4. godina\Računarska grafika\P1\Marko-Nikolic-RA-69-2020\Project1\main.cpp(695,12): warning C4305: 'initializing': truncation from 'double' to 'float'
C:\Users\Marko\Desktop\Fakultet\4. godina\Računarska grafika\P1\Marko-Nikolic-RA-69-2020\Project1\main.cpp(708,4): warning C4305: 'initializing': truncation from 'double' to 'float'
C:\Users\Marko\Desktop\Fakultet\4. godina\Računarska grafika\P1\Marko-Nikolic-RA-69-2020\Project1\main.cpp(709,4): warning C4305: 'initializing': truncation from 'double' to 'float'
C:\Users\Marko\Desktop\Fakultet\4. godina\Računarska grafika\P1\Marko-Nikolic-RA-69-2020\Project1\main.cpp(710,4): warning C4305: 'initializing': truncation from 'double' to 'float'
C:\Users\Marko\Desktop\Fakultet\4. godina\Računarska grafika\P1\Marko-Nikolic-RA-69-2020\Project1\main.cpp(711,4): warning C4305: 'initializing': truncation from 'double' to 'float'
C:\Users\Marko\Desktop\Fakultet\4. godina\Računarska grafika\P1\Marko-Nikolic-RA-69-2020\Project1\main.cpp(724,4): warning C4305: 'initializing': truncation from 'double' to 'float'
C:\Users\Marko\Desktop\Fakultet\4. godina\Računarska grafika\P1\Marko-Nikolic-RA-69-2020\Project1\main.cpp(725,4): warning C4305: 'initializing': truncation from 'double' to 'float'
C:\Users\Marko\Desktop\Fakultet\4. godina\Računarska grafika\P1\Marko-Nikolic-RA-69-2020\Project1\main.cpp(726,4): warning C4305: 'initializing': truncation from 'double' to 'float'
C:\Users\Marko\Desktop\Fakultet\4. godina\Računarska grafika\P1\Marko-Nikolic-RA-69-2020\Project1\main.cpp(727,4): warning C4305: 'initializing': truncation from 'double' to 'float'
C:\Users\Marko\Desktop\Fakultet\4. godina\Računarska grafika\P1\Marko-Nikolic-RA-69-2020\Project1\main.cpp(728,4): warning C4305: 'initializing': truncation from 'double' to 'float'
C:\Users\Marko\Desktop\Fakultet\4. godina\Računarska grafika\P1\Marko-Nikolic-RA-69-2020\Project1\main.cpp(741,4): warning C4305: 'initializing': truncation from 'double' to 'float'
C:\Users\Marko\Desktop\Fakultet\4. godina\Računarska grafika\P1\Marko-Nikolic-RA-69-2020\Project1\main.cpp(742,4): warning C4305: 'initializing': truncation from 'double' to 'float'
C:\Users\Marko\Desktop\Fakultet\4. godina\Računarska grafika\P1\Marko-Nikolic-RA-69-2020\Project1\main.cpp(743,4): warning C4305: 'initializing': truncation from 'double' to 'float'
C:\Users\Marko\Desktop\Fakultet\4. godina\Računarska grafika\P1\Marko-Nikolic-RA-69-2020\Project1\main.cpp(743,11): warning C4305: 'initializing': truncation from 'double' to 'float'
C:\Users\Marko\Desktop\Fakultet\4. godina\Računarska grafika\P1\Marko-Nikolic-RA-69-2020\Project1\main.cpp(744,4): warning C4305: 'initializing': truncation from 'double' to 'float'
C:\Users\Marko\Desktop\Fakultet\4. godina\Računarska grafika\P1\Marko-Nikolic-RA-69-2020\Project1\main.cpp(744,12): warning C4305: 'initializing': truncation from 'double' to 'float'
C:\Users\Marko\Desktop\Fakultet\4. godina\Računarska grafika\P1\Marko-Nikolic-RA-69-2020\Project1\main.cpp(757,4): warning C4305: 'initializing': truncation from 'double' to 'float'
C:\Users\Marko\Desktop\Fakultet\4. godina\Računarska grafika\P1\Marko-Nikolic-RA-69-2020\Project1\main.cpp(758,4): warning C4305: 'initializing': truncation from 'double' to 'float'
C:\Users\Marko\Desktop\Fakultet\4. godina\Računarska grafika\P1\Marko-Nikolic-RA-69-2020\Project1\main.cpp(759,4): warning C4305: 'initializing': truncation from 'double' to 'float'
C:\Users\Marko\Desktop\Fakultet\4. godina\Računarska grafika\P1\Marko-Nikolic-RA-69-2020\Project1\main.cpp(759,12): warning C4305: 'initializing': truncation from 'double' to 'float'
C:\Users\Marko\Desktop\Fakultet\4. godina\Računarska grafika\P1\Marko-Nikolic-RA-69-2020\Project1\main.cpp(760,4): warning C4305: 'initializing': truncation from 'double' to 'float'
C:\Users\Marko\Desktop\Fakultet\4. godina\Računarska grafika\P1\Marko-Nikolic-RA-69-2020\Project1\main.cpp(760,11): warning C4305: 'initializing': truncation from 'double' to 'float'
C:\Users\Marko\Desktop\Fakultet\4. godina\Računarska grafika\P1\Marko-Nikolic-RA-69-2020\Project1\main.cpp(761,4): warning C4305: 'initializing': truncation from 'double' to 'float'
C:\Users\Marko\Desktop\Fakultet\4. godina\Računarska grafika\P1\Marko-Nikolic-RA-69-2020\Project1\main.cpp(773,4): warning C4305: 'initializing': truncation from 'double' to 'float'
C:\Users\Marko\Desktop\Fakultet\4. godina\Računarska grafika\P1\Marko-Nikolic-RA-69-2020\Project1\main.cpp(773,10): warning C4305: 'initializing': truncation from 'double' to 'float'
C:\Users\Marko\Desktop\Fakultet\4. godina\Računarska grafika\P1\Marko-Nikolic-RA-69-2020\Project1\main.cpp(774,4): warning C4305: 'initializing': truncation from 'double' to 'float'
C:\Users\Marko\Desktop\Fakultet\4. godina\Računarska grafika\P1\Marko-Nikolic-RA-69-2020\Project1\main.cpp(774,11): warning C4305: 'initializing': truncation from 'double' to 'float'
C:\Users\Marko\Desktop\Fakultet\4. godina\Računarska grafika\P1\Marko-Nikolic-RA-69-2020\Project1\main.cpp(775,4): warning C4305: 'initializing': truncation from 'double' to 'float'
C:\Users\Marko\Desktop\Fakultet\4. godina\Računarska grafika\P1\Marko-Nikolic-RA-69-2020\Project1\main.cpp(775,11): warning C4305: 'initializing': truncation from 'double' to 'float'
C:\Users\Marko\Desktop\Fakultet\4. godina\Računarska grafika\P1\Marko-Nikolic-RA-69-2020\Project1\main.cpp(776,4): warning C4305: 'initializing': truncation from 'double' to 'float'
C:\Users\Marko\Desktop\Fakultet\4. godina\Računarska grafika\P1\Marko-Nikolic-RA-69-2020\Project1\main.cpp(776,12): warning C4305: 'initializing': truncation from 'double' to 'float'
C:\Users\Marko\Desktop\Fakultet\4. godina\Računarska grafika\P1\Marko-Nikolic-RA-69-2020\Project1\main.cpp(800,4): warning C4305: 'initializing': truncation from 'double' to 'float'
C:\Users\Marko\Desktop\Fakultet\4. godina\Računarska grafika\P1\Marko-Nikolic-RA-69-2020\Project1\main.cpp(800,10): warning C4305: 'initializing': truncation from 'double' to 'float'
C:\Users\Marko\Desktop\Fakultet\4. godina\Računarska grafika\P1\Marko-Nikolic-RA-69-2020\Project1\main.cpp(801,4): warning C4305: 'initializing': truncation from 'double' to 'float'
C:\Users\Marko\Desktop\Fakultet\4. godina\Računarska grafika\P1\Marko-Nikolic-RA-69-2020\Project1\main.cpp(801,11): warning C4305: 'initializing': truncation from 'double' to 'float'
C:\Users\Marko\Desktop\Fakultet\4. godina\Računarska grafika\P1\Marko-Nikolic-RA-69-2020\Project1\main.cpp(802,4): warning C4305: 'initializing': truncation from 'double' to 'float'
C:\Users\Marko\Desktop\Fakultet\4. godina\Računarska grafika\P1\Marko-Nikolic-RA-69-2020\Project1\main.cpp(802,11): warning C4305: 'initializing': truncation from 'double' to 'float'
C:\Users\Marko\Desktop\Fakultet\4. godina\Računarska grafika\P1\Marko-Nikolic-RA-69-2020\Project1\main.cpp(803,4): warning C4305: 'initializing': truncation from 'double' to 'float'
C:\Users\Marko\Desktop\Fakultet\4. godina\Računarska grafika\P1\Marko-Nikolic-RA-69-2020\Project1\main.cpp(803,12): warning C4305: 'initializing': truncation from 'double' to 'float'
C:\Users\Marko\Desktop\Fakultet\4. godina\Računarska grafika\P1\Marko-Nikolic-RA-69-2020\Project1\main.cpp(855,4): warning C4305: 'initializing': truncation from 'double' to 'float'
C:\Users\Marko\Desktop\Fakultet\4. godina\Računarska grafika\P1\Marko-Nikolic-RA-69-2020\Project1\main.cpp(868,8): warning C4305: 'initializing': truncation from 'double' to 'float'
C:\Users\Marko\Desktop\Fakultet\4. godina\Računarska grafika\P1\Marko-Nikolic-RA-69-2020\Project1\main.cpp(869,8): warning C4305: 'initializing': truncation from 'double' to 'float'
C:\Users\Marko\Desktop\Fakultet\4. godina\Računarska grafika\P1\Marko-Nikolic-RA-69-2020\Project1\main.cpp(914,28): warning C4244: '=': conversion from 'double' to 'float', possible loss of data
C:\Users\Marko\Desktop\Fakultet\4. godina\Računarska grafika\P1\Marko-Nikolic-RA-69-2020\Project1\main.cpp(917,26): warning C4305: 'argument': truncation from 'double' to 'GLclampf'
C:\Users\Marko\Desktop\Fakultet\4. godina\Računarska grafika\P1\Marko-Nikolic-RA-69-2020\Project1\main.cpp(917,21): warning C4305: 'argument': truncation from 'double' to 'GLclampf'
C:\Users\Marko\Desktop\Fakultet\4. godina\Računarska grafika\P1\Marko-Nikolic-RA-69-2020\Project1\main.cpp(917,16): warning C4305: 'argument': truncation from 'double' to 'GLclampf'
C:\Users\Marko\Desktop\Fakultet\4. godina\Računarska grafika\P1\Marko-Nikolic-RA-69-2020\Project1\main.cpp(922,98): warning C4244: 'argument': conversion from 'double' to 'GLfloat', possible loss of data
C:\Users\Marko\Desktop\Fakultet\4. godina\Računarska grafika\P1\Marko-Nikolic-RA-69-2020\Project1\main.cpp(929,105): warning C4244: 'argument': conversion from 'double' to 'GLfloat', possible loss of data
C:\Users\Marko\Desktop\Fakultet\4. godina\Računarska grafika\P1\Marko-Nikolic-RA-69-2020\Project1\main.cpp(1024,111): warning C4244: 'argument': conversion from 'double' to 'GLfloat', possible loss of data
C:\Users\Marko\Desktop\Fakultet\4. godina\Računarska grafika\P1\Marko-Nikolic-RA-69-2020\Project1\main.cpp(1051,98): warning C4244: 'argument': conversion from 'double' to 'GLfloat', possible loss of data
C:\Users\Marko\Desktop\Fakultet\4. godina\Računarska grafika\P1\Marko-Nikolic-RA-69-2020\Project1\main.cpp(1058,105): warning C4244: 'argument': conversion from 'double' to 'GLfloat', possible loss of data
C:\Users\Marko\Desktop\Fakultet\4. godina\Računarska grafika\P1\Marko-Nikolic-RA-69-2020\Project1\main.cpp(1076,74): warning C4305: 'argument': truncation from 'double' to 'GLfloat'
C:\Users\Marko\Desktop\Fakultet\4. godina\Računarska grafika\P1\Marko-Nikolic-RA-69-2020\Project1\main.cpp(1081,75): warning C4305: 'argument': truncation from 'double' to 'GLfloat'
C:\Users\Marko\Desktop\Fakultet\4. godina\Računarska grafika\P1\Marko-Nikolic-RA-69-2020\Project1\main.cpp(1128,120): warning C4244: 'argument': conversion from 'double' to 'GLfloat', possible loss of data
C:\Users\Marko\Desktop\Fakultet\4. godina\Računarska grafika\P1\Marko-Nikolic-RA-69-2020\Project1\main.cpp(1173,141): warning C4244: 'argument': conversion from 'double' to 'GLfloat', possible loss of data
C:\Users\Marko\Desktop\Fakultet\4. godina\Računarska grafika\P1\Marko-Nikolic-RA-69-2020\Project1\main.cpp(1180,148): warning C4244: 'argument': conversion from 'double' to 'GLfloat', possible loss of data
C:\Users\Marko\Desktop\Fakultet\4. godina\Računarska grafika\P1\Marko-Nikolic-RA-69-2020\Project1\main.cpp(1282,91): warning C4244: '=': conversion from 'double' to 'float', possible loss of data
C:\Users\Marko\Desktop\Fakultet\4. godina\Računarska grafika\P1\Marko-Nikolic-RA-69-2020\Project1\main.cpp(1285,93): warning C4244: '=': conversion from 'double' to 'float', possible loss of data
C:\Users\Marko\Desktop\Fakultet\4. godina\Računarska grafika\P1\Marko-Nikolic-RA-69-2020\Project1\main.cpp(1288,124): warning C4244: '=': conversion from 'double' to 'float', possible loss of data
C:\Users\Marko\Desktop\Fakultet\4. godina\Računarska grafika\P1\Marko-Nikolic-RA-69-2020\Project1\main.cpp(1291,124): warning C4244: '=': conversion from 'double' to 'float', possible loss of data
C:\Users\Marko\Desktop\Fakultet\4. godina\Računarska grafika\P1\Marko-Nikolic-RA-69-2020\Project1\main.cpp(1294,125): warning C4244: '=': conversion from 'double' to 'float', possible loss of data
C:\Users\Marko\Desktop\Fakultet\4. godina\Računarska grafika\P1\Marko-Nikolic-RA-69-2020\Project1\main.cpp(1297,124): warning C4244: '=': conversion from 'double' to 'float', possible loss of data
  Project1.vcxproj -> C:\Users\Marko\Desktop\Fakultet\4. godina\Računarska grafika\P1\Marko-Nikolic-RA-69-2020\x64\Debug\Project1.exe
